This is pdfTeX, Version 3.14159265-2.6-1.40.21 (MiKTeX 20.11) (preloaded format=pdflatex 2020.11.20)  13 DEC 2020 16:14
entering extended mode
**"./work plan.tex"
("work plan.tex"
LaTeX2e <2020-10-01> patch level 2
L3 programming layer <2020-10-27> xparse <2020-03-03>
(C:\Users\frank\AppData\Local\Programs\MiKTeX\tex/latex/base\article.cls
Document Class: article 2020/04/10 v1.4m Standard LaTeX document class
(C:\Users\frank\AppData\Local\Programs\MiKTeX\tex/latex/base\size12.clo
File: size12.clo 2020/04/10 v1.4m Standard LaTeX file (size option)
)
\c@part=\count175
\c@section=\count176
\c@subsection=\count177
\c@subsubsection=\count178
\c@paragraph=\count179
\c@subparagraph=\count180
\c@figure=\count181
\c@table=\count182
\abovecaptionskip=\skip47
\belowcaptionskip=\skip48
\bibindent=\dimen138
)
(C:\Users\frank\AppData\Local\Programs\MiKTeX\tex/latex/geometry\geometry.sty
Package: geometry 2020/01/02 v5.9 Page Geometry

(C:\Users\frank\AppData\Local\Programs\MiKTeX\tex/latex/graphics\keyval.sty
Package: keyval 2014/10/28 v1.15 key=value parser (DPC)
\KV@toks@=\toks15
)
(C:\Users\frank\AppData\Local\Programs\MiKTeX\tex/generic/iftex\ifvtex.sty
Package: ifvtex 2019/10/25 v1.7 ifvtex legacy package. Use iftex instead.

(C:\Users\frank\AppData\Local\Programs\MiKTeX\tex/generic/iftex\iftex.sty
Package: iftex 2020/03/06 v1.0d TeX engine tests
))
\Gm@cnth=\count183
\Gm@cntv=\count184
\c@Gm@tempcnt=\count185
\Gm@bindingoffset=\dimen139
\Gm@wd@mp=\dimen140
\Gm@odd@mp=\dimen141
\Gm@even@mp=\dimen142
\Gm@layoutwidth=\dimen143
\Gm@layoutheight=\dimen144
\Gm@layouthoffset=\dimen145
\Gm@layoutvoffset=\dimen146
\Gm@dimlist=\toks16

(C:\Users\frank\AppData\Local\Programs\MiKTeX\tex/latex/geometry\geometry.cfg))
(C:\Users\frank\AppData\Local\Programs\MiKTeX\tex/latex/base\inputenc.sty
Package: inputenc 2020/08/01 v1.3d Input encoding file
\inpenc@prehook=\toks17
\inpenc@posthook=\toks18
)
(C:\Users\frank\AppData\Local\Programs\MiKTeX\tex/latex/base\fontenc.sty
Package: fontenc 2020/08/10 v2.0s Standard LaTeX package
)
(C:\Users\frank\AppData\Local\Programs\MiKTeX\tex/latex/hyphenat\hyphenat.sty
Package: hyphenat 2009/09/02 v2.3c hyphenation utilities
\langwohyphens=\language79
LaTeX Info: Redefining \_ on input line 43.
)
(C:\Users\frank\AppData\Local\Programs\MiKTeX\tex/latex/l3backend\l3backend-pdf
tex.def
File: l3backend-pdftex.def 2020-09-24 L3 backend support: PDF output (pdfTeX)
\l__kernel_color_stack_int=\count186
\l__pdf_internal_box=\box47
) ("work plan.aux")
\openout1 = `"work plan.aux"'.

LaTeX Font Info:    Checking defaults for OML/cmm/m/it on input line 16.
LaTeX Font Info:    ... okay on input line 16.
LaTeX Font Info:    Checking defaults for OMS/cmsy/m/n on input line 16.
LaTeX Font Info:    ... okay on input line 16.
LaTeX Font Info:    Checking defaults for OT1/cmr/m/n on input line 16.
LaTeX Font Info:    ... okay on input line 16.
LaTeX Font Info:    Checking defaults for T1/cmr/m/n on input line 16.
LaTeX Font Info:    ... okay on input line 16.
LaTeX Font Info:    Checking defaults for TS1/cmr/m/n on input line 16.
LaTeX Font Info:    ... okay on input line 16.
LaTeX Font Info:    Checking defaults for OMX/cmex/m/n on input line 16.
LaTeX Font Info:    ... okay on input line 16.
LaTeX Font Info:    Checking defaults for U/cmr/m/n on input line 16.
LaTeX Font Info:    ... okay on input line 16.

*geometry* driver: auto-detecting
*geometry* detected driver: pdftex
*geometry* verbose mode - [ preamble ] result:
* driver: pdftex
* paper: a4paper
* layout: <same size as paper>
* layoutoffset:(h,v)=(0.0pt,0.0pt)
* modes: 
* h-part:(L,W,R)=(71.13188pt, 455.24411pt, 71.13188pt)
* v-part:(T,H,B)=(28.45274pt, 731.23584pt, 85.35826pt)
* \paperwidth=597.50787pt
* \paperheight=845.04684pt
* \textwidth=455.24411pt
* \textheight=731.23584pt
* \oddsidemargin=-1.1381pt
* \evensidemargin=-1.1381pt
* \topmargin=-80.81725pt
* \headheight=12.0pt
* \headsep=25.0pt
* \topskip=12.0pt
* \footskip=30.0pt
* \marginparwidth=35.0pt
* \marginparsep=10.0pt
* \columnsep=10.0pt
* \skip\footins=10.8pt plus 4.0pt minus 2.0pt
* \hoffset=0.0pt
* \voffset=0.0pt
* \mag=1000
* \@twocolumnfalse
* \@twosidefalse
* \@mparswitchfalse
* \@reversemarginfalse
* (1in=72.27pt=25.4mm, 1cm=28.453pt)

LaTeX Font Info:    External font `cmex10' loaded for size
(Font)              <14.4> on input line 18.
LaTeX Font Info:    External font `cmex10' loaded for size
(Font)              <7> on input line 18.
[1

{C:/Users/frank/AppData/Local/MiKTeX/pdftex/config/pdftex.map}]
("work plan.aux") ) 
Here is how much of TeX's memory you used:
 1215 strings out of 479799
 18089 string characters out of 2869722
 289292 words of memory out of 3000000
 18254 multiletter control sequences out of 15000+200000
 540148 words of font info for 38 fonts, out of 3000000 for 9000
 1141 hyphenation exceptions out of 8191
 66i,6n,72p,269b,201s stack positions out of 5000i,500n,10000p,200000b,50000s
 <C:\Users\frank\AppData\Local\MiKTeX\fonts/pk/ljfour/jknapp
en/ec/dpi600\ecrm1200.pk> <C:\Users\frank\AppData\Local\MiKTeX\fonts/pk/ljfour/
jknappen/ec/dpi600\ecbx1728.pk> <C:\Users\frank\AppData\Local\MiKTeX\fonts/pk/l
jfour/jknappen/ec/dpi600\ecrm1440.pk> <C:\Users\frank\AppData\Local\MiKTeX\font
s/pk/ljfour/jknappen/ec/dpi600\ecrm2074.pk>
Output written on "work plan.pdf" (1 page, 37244 bytes).
PDF statistics:
 113 PDF objects out of 1000 (max. 8388607)
 0 named destinations out of 1000 (max. 500000)
 1 words of extra memory for PDF output out of 10000 (max. 10000000)

